Info) VMD for LINUXAMD64, version 1.9.1 (February 1, 2012)
Info) http://www.ks.uiuc.edu/Research/vmd/                         
Info) Email questions and bug reports to vmd@ks.uiuc.edu           
Info) Please include this reference in published work using VMD:   
Info)    Humphrey, W., Dalke, A. and Schulten, K., `VMD - Visual   
Info)    Molecular Dynamics', J. Molec. Graphics 1996, 14.1, 33-38.
Info) -------------------------------------------------------------
Info) Multithreading available, 8 CPUs detected.
Info) Free system memory: 10431MB (65%)
Info) Creating CUDA device pool and initializing hardware...
CUDA error: invalid device symbol, CUDAClearDevice.cu line 62
Info) Detected 1 available CUDA accelerator:
Info) [0] GeForce GTX 745     3 SM_5.0 @ 1.03 GHz, 3.9GB RAM, KTO, OIO, ZCP
Info) Dynamically loaded 2 plugins in directory:
Info) /home/dave/lib/vmd-1.9.1/plugins/LINUXAMD64/molfile
/home/dave/lib/vmd-1.9.1/scripts/tcl8.5 /home/dave/lib/vmd-1.9.1/scripts /home/dave/lib/lib /Projects/johns/tcl/8.5.6/lib_LINUXAMD64/lib /home/dave/lib/vmd-1.9.1/scripts/vmd /home/dave/lib/vmd-1.9.1/plugins/LINUXAMD64/tcl /home/dave/lib/vmd-1.9.1/plugins/noarch/tcl /net/tesla/srv/home/dave/apps/VolArea
/home/dave/lib/vmd-1.9.1/scripts/tcl8.5 /home/dave/lib/vmd-1.9.1/scripts /home/dave/lib/lib /Projects/johns/tcl/8.5.6/lib_LINUXAMD64/lib /home/dave/lib/vmd-1.9.1/scripts/vmd /home/dave/lib/vmd-1.9.1/plugins/LINUXAMD64/tcl /home/dave/lib/vmd-1.9.1/plugins/noarch/tcl /net/tesla/srv/home/dave/apps/VolArea /net/tesla/srv/home/dave/apps/VolArea/Routines/Lib
/home/dave/lib/vmd-1.9.1/scripts/tcl8.5 /home/dave/lib/vmd-1.9.1/scripts /home/dave/lib/lib /Projects/johns/tcl/8.5.6/lib_LINUXAMD64/lib /home/dave/lib/vmd-1.9.1/scripts/vmd /home/dave/lib/vmd-1.9.1/plugins/LINUXAMD64/tcl /home/dave/lib/vmd-1.9.1/plugins/noarch/tcl /net/tesla/srv/home/dave/apps/VolArea /net/tesla/srv/home/dave/apps/VolArea/Routines/Lib /net/tesla/srv/home/dave/apps/VolArea/Routines/Other
/home/dave/lib/vmd-1.9.1/scripts/tcl8.5 /home/dave/lib/vmd-1.9.1/scripts /home/dave/lib/lib /Projects/johns/tcl/8.5.6/lib_LINUXAMD64/lib /home/dave/lib/vmd-1.9.1/scripts/vmd /home/dave/lib/vmd-1.9.1/plugins/LINUXAMD64/tcl /home/dave/lib/vmd-1.9.1/plugins/noarch/tcl /net/tesla/srv/home/dave/apps/VolArea /net/tesla/srv/home/dave/apps/VolArea/Routines/Lib /net/tesla/srv/home/dave/apps/VolArea/Routines/Other /net/tesla/srv/home/dave/apps/VolArea/Routines/Other/graph
Slice
Gypsum
Smog
1.6
psfgen) reading topology file /home/dave/dev/BacBuilder/charmm_toppar/top_all27_prot_lipid.inp

psfgen) >>>>>> Combined CHARMM All-Hydrogen Topology File for <<<<<<<<<
psfgen) >>>>>>>>> CHARMM22 Proteins and CHARMM27 Lipids <<<<<<<<<<
psfgen) from
psfgen) >>>>>>>>CHARMM22 All-Hydrogen Topology File for Proteins <<<<<<
psfgen) >>>>>>>>>>>>>>>>>>>>> August 1999 <<<<<<<<<<<<<<<<<<<<<<<<<<<<<
psfgen) >>>>>>> Direct comments to Alexander D. MacKerell Jr. <<<<<<<<<
psfgen) >>>>>> 410-706-7442 or email: alex,mmiris.ab.umd.edu  <<<<<<<<<
psfgen) and
psfgen)   \\\\\\\ CHARMM27 All-Hydrogen Lipid Topology File ///////
psfgen)   \\\\\\\\\\\\\\\\\\ Developmental /////////////////////////
psfgen)               Alexander D. MacKerell Jr.
psfgen)                      August 1999
psfgen)  All comments to ADM jr.  email: alex,mmiris.ab.umd.edu
psfgen)               telephone: 410-706-7442
psfgen) 
psfgen) Created by CHARMM version 27 1
psfgen) aliasing residue ABA to CYS
psfgen) aliasing residue HIS to HSE
psfgen) aliasing residue HOH to TIP3
psfgen) aliasing residue HOH atom O to OH2
psfgen) aliasing residue ILE atom CD1 to CD
psfgen) aliasing residue NLE to MET
psfgen) building segment A
psfgen) reading residues from pdb file chainA.pdb
psfgen) unknown residue type CYX
psfgen) unknown residue type CYX
psfgen) unknown residue type CYX
psfgen) unknown residue type CYX
psfgen) unknown residue type CYX
psfgen) unknown residue type CYX
psfgen) extracted 390 residues from pdb file
psfgen) Info: generating structure...psfgen) unknown residue type CYX
failed!
ERROR: failed on end of segment
MOLECULE DESTROYED BY FATAL ERROR!  Use resetpsf to start over.

MOLECULE MISSING!  Use resetpsf to start over.

MOLECULE MISSING!  Use resetpsf to start over.

MOLECULE MISSING!  Use resetpsf to start over.

MOLECULE MISSING!  Use resetpsf to start over.
ERROR) Could not read file tmp_mut.psf
Unable to load structure file tmp_mut.psf
There is no 'top' molecule  in atomselect's 'molId'
Info) VMD for LINUXAMD64, version 1.9.1 (February 1, 2012)
Info) Exiting normally.
vmd > 