-I: Adding /home/dave/apps/amber14/dat/leap/prep to search path.
-I: Adding /home/dave/apps/amber14/dat/leap/lib to search path.
-I: Adding /home/dave/apps/amber14/dat/leap/parm to search path.
-I: Adding /home/dave/apps/amber14/dat/leap/cmd to search path.
-I: Adding /net/dirac/mnt/store6/dave/janssen/store/system_descriptions/ties/ff_lib to search path.
-I: Adding /home/dave/apps/amber14/dat/mtkpp/ZAFF/201108/ to search path.
-s: Ignoring startup file: leaprc
-f: Source leap.in.

Welcome to LEaP!
Sourcing: ./leap.in
----- Source: /home/dave/apps/amber14/dat/leap/cmd/oldff/leaprc.ff99SBildn
----- Source of /home/dave/apps/amber14/dat/leap/cmd/oldff/leaprc.ff99SBildn done
Log file: ./leap.log
log started: Mon Apr  3 09:57:29 2017

Log file: ./leap.log
>> #
>> # ----- leaprc for loading the ff99SB (Hornak & Simmerling) force field
>> #       modified for the "ILDN" changes
>> #
>> #	load atom type hybridizations
>> #
>> addAtomTypes {
>> 	{ "H"   "H" "sp3" }
>> 	{ "HO"  "H" "sp3" }
>> 	{ "HS"  "H" "sp3" }
>> 	{ "H1"  "H" "sp3" }
>> 	{ "H2"  "H" "sp3" }
>> 	{ "H3"  "H" "sp3" }
>> 	{ "H4"  "H" "sp3" }
>> 	{ "H5"  "H" "sp3" }
>> 	{ "HW"  "H" "sp3" }
>> 	{ "HC"  "H" "sp3" }
>> 	{ "HA"  "H" "sp3" }
>> 	{ "HP"  "H" "sp3" }
>> 	{ "OH"  "O" "sp3" }
>> 	{ "OS"  "O" "sp3" }
>> 	{ "O"   "O" "sp2" }
>> 	{ "O2"  "O" "sp2" }
>> 	{ "OW"  "O" "sp3" }
>> 	{ "CT"  "C" "sp3" }
>> 	{ "CH"  "C" "sp3" }
>> 	{ "C2"  "C" "sp3" }
>> 	{ "C3"  "C" "sp3" }
>> 	{ "C"   "C" "sp2" }
>> 	{ "C*"  "C" "sp2" }
>> 	{ "CA"  "C" "sp2" }
>> 	{ "CB"  "C" "sp2" }
>> 	{ "CC"  "C" "sp2" }
>> 	{ "CN"  "C" "sp2" }
>> 	{ "CM"  "C" "sp2" }
>> 	{ "CK"  "C" "sp2" }
>> 	{ "CQ"  "C" "sp2" }
>> 	{ "CD"  "C" "sp2" }
>> 	{ "CE"  "C" "sp2" }
>> 	{ "CF"  "C" "sp2" }
>> 	{ "CP"  "C" "sp2" }
>> 	{ "CI"  "C" "sp2" }
>> 	{ "CJ"  "C" "sp2" }
>> 	{ "CW"  "C" "sp2" }
>> 	{ "CV"  "C" "sp2" }
>> 	{ "CR"  "C" "sp2" }
>> 	{ "CA"  "C" "sp2" }
>> 	{ "CY"  "C" "sp2" }
>> 	{ "C0"  "Ca" "sp3" }
>> 	{ "MG"  "Mg" "sp3" }
>> 	{ "N"   "N" "sp2" }
>> 	{ "NA"  "N" "sp2" }
>> 	{ "N2"  "N" "sp2" }
>> 	{ "N*"  "N" "sp2" }
>> 	{ "NP"  "N" "sp2" }
>> 	{ "NQ"  "N" "sp2" }
>> 	{ "NB"  "N" "sp2" }
>> 	{ "NC"  "N" "sp2" }
>> 	{ "NT"  "N" "sp3" }
>> 	{ "N3"  "N" "sp3" }
>> 	{ "S"   "S" "sp3" }
>> 	{ "SH"  "S" "sp3" }
>> 	{ "P"   "P" "sp3" }
>> 	{ "LP"  ""  "sp3" }
>> 	{ "F"   "F" "sp3" }
>> 	{ "CL"  "Cl" "sp3" }
>> 	{ "BR"  "Br" "sp3" }
>> 	{ "I"   "I"  "sp3" }
>> 	{ "FE"  "Fe" "sp3" }
>> 	{ "EP"  ""  "sp3" }
>> # glycam
>> 	{ "OG"  "O" "sp3" }
>> 	{ "OL"  "O" "sp3" }
>> 	{ "AC"  "C" "sp3" }
>> 	{ "EC"  "C" "sp3" }
>> #ildn
>> 	{ "C3"  "C" "sp3" }
>> 	{ "C4"  "C" "sp3" }
>> 	{ "C5"   "C" "sp2" }
>> 	{ "C6"   "C" "sp2" }
>> 	{ "NP"   "N" "sp2" }
>> 	{ "OM"   "O" "sp2" } # guess!!!
>> }
>> #
>> #	Load the main parameter set.
>> #
>> parm99 = loadamberparams parm99.dat
Loading parameters: /home/dave/apps/amber14/dat/leap/parm/parm99.dat
Loading parameters: /home/dave/apps/amber14/dat/leap/parm/parm99.dat
Reading title:
PARM99 for DNA,RNA,AA, organic molecules, TIP3P wat. Polariz.& LP incl.02/04/99
Reading title:
PARM99 for DNA,RNA,AA, organic molecules, TIP3P wat. Polariz.& LP incl.02/04/99
(UNKNOWN ATOM TYPE: HZ)
(UNKNOWN ATOM TYPE: IM)
(UNKNOWN ATOM TYPE: Li)
(UNKNOWN ATOM TYPE: IP)
(UNKNOWN ATOM TYPE: K)
(UNKNOWN ATOM TYPE: Rb)
(UNKNOWN ATOM TYPE: Cs)
(UNKNOWN ATOM TYPE: Zn)
(UNKNOWN ATOM TYPE: IB)
(UNKNOWN ATOM TYPE: LP)
>> mods = loadamberparams frcmod.ff99SBildn
Loading parameters: /home/dave/apps/amber14/dat/leap/parm/frcmod.ff99SBildn
Loading parameters: /home/dave/apps/amber14/dat/leap/parm/frcmod.ff99SBildn
Reading force field modification type file (frcmod)
Reading force field modification type file (frcmod)
Reading title:
Modification/update of parm99.dat (Hornak & Simmerling) + ILDN corrections
Reading title:
Modification/update of parm99.dat (Hornak & Simmerling) + ILDN corrections
>> #
>> #	Load DNA/RNA libraries
>> #
>> loadOff all_nucleic94.lib
Loading library: /home/dave/apps/amber14/dat/leap/lib/all_nucleic94.lib
Loading library: /home/dave/apps/amber14/dat/leap/lib/all_nucleic94.lib
Loading: DA
Loading: DA3
Loading: DA5
Loading: DAN
Loading: DC
Loading: DC3
Loading: DC5
Loading: DCN
Loading: DG
Loading: DG3
Loading: DG5
Loading: DGN
Loading: DT
Loading: DT3
Loading: DT5
Loading: DTN
Loading: RA
Loading: RA3
Loading: RA5
Loading: RAN
Loading: RC
Loading: RC3
Loading: RC5
Loading: RCN
Loading: RG
Loading: RG3
Loading: RG5
Loading: RGN
Loading: RU
Loading: RU3
Loading: RU5
Loading: RUN
>> #
>> #	Load main chain and terminating 
>> #	amino acid libraries (i.e. ff94 libs)
>> #
>> loadOff all_amino94ildn.lib
Loading library: /home/dave/apps/amber14/dat/leap/lib/all_amino94ildn.lib
Loading library: /home/dave/apps/amber14/dat/leap/lib/all_amino94ildn.lib
Loading: ALA
Loading: ARG
Loading: ASH
Loading: ASN
Loading: ASP
Loading: CYM
Loading: CYS
Loading: CYX
Loading: GLH
Loading: GLN
Loading: GLU
Loading: GLY
Loading: HID
Loading: HIE
Loading: HIP
Loading: ILE
Loading: LEU
Loading: LYN
Loading: LYS
Loading: MET
Loading: PHE
Loading: PRO
Loading: SER
Loading: THR
Loading: TRP
Loading: TYR
Loading: VAL
>> loadOff all_aminoct94ildn.lib
Loading library: /home/dave/apps/amber14/dat/leap/lib/all_aminoct94ildn.lib
Loading library: /home/dave/apps/amber14/dat/leap/lib/all_aminoct94ildn.lib
Loading: CALA
Loading: CARG
Loading: CASN
Loading: CASP
Loading: CCYS
Loading: CCYX
Loading: CGLN
Loading: CGLU
Loading: CGLY
Loading: CHID
Loading: CHIE
Loading: CHIP
Loading: CILE
Loading: CLEU
Loading: CLYS
Loading: CMET
Loading: CPHE
Loading: CPRO
Loading: CSER
Loading: CTHR
Loading: CTRP
Loading: CTYR
Loading: CVAL
Loading: NHE
Loading: NME
>> loadOff all_aminont94ildn.lib
Loading library: /home/dave/apps/amber14/dat/leap/lib/all_aminont94ildn.lib
Loading library: /home/dave/apps/amber14/dat/leap/lib/all_aminont94ildn.lib
Loading: ACE
Loading: NALA
Loading: NARG
Loading: NASN
Loading: NASP
Loading: NCYS
Loading: NCYX
Loading: NGLN
Loading: NGLU
Loading: NGLY
Loading: NHID
Loading: NHIE
Loading: NHIP
Loading: NILE
Loading: NLEU
Loading: NLYS
Loading: NMET
Loading: NPHE
Loading: NPRO
Loading: NSER
Loading: NTHR
Loading: NTRP
Loading: NTYR
Loading: NVAL
>> #
>> #       Load water and ions
>> # 
>> loadOff ions94.lib
Loading library: /home/dave/apps/amber14/dat/leap/lib/ions94.lib
Loading library: /home/dave/apps/amber14/dat/leap/lib/ions94.lib
Loading: CIO
Loading: Cl-
Loading: Cs+
Loading: IB
Loading: K+
Loading: Li+
Loading: MG2
Loading: Na+
Loading: Rb+
>> loadOff solvents.lib
Loading library: /home/dave/apps/amber14/dat/leap/lib/solvents.lib
Loading library: /home/dave/apps/amber14/dat/leap/lib/solvents.lib
Loading: CHCL3BOX
Loading: DC4
Loading: MEOHBOX
Loading: NMABOX
Loading: OPC
Loading: OPCBOX
Loading: PL3
Loading: POL3BOX
Loading: QSPCFWBOX
Loading: SPC
Loading: SPCBOX
Loading: SPCFWBOX
Loading: SPF
Loading: SPG
Loading: T4E
Loading: TIP3PBOX
Loading: TIP3PFBOX
Loading: TIP4PBOX
Loading: TIP4PEWBOX
Loading: TIP5PBOX
Loading: TP3
Loading: TP4
Loading: TP5
Loading: TPF
>> HOH = TP3
>> WAT = TP3
>> 
>> #
>> #	Define the PDB name map for the amino acids and DNA.
>> #
>> addPdbResMap {
>>   { 0 "ALA" "NALA" } { 1 "ALA" "CALA" }
>>   { 0 "ARG" "NARG" } { 1 "ARG" "CARG" }
>>   { 0 "ASN" "NASN" } { 1 "ASN" "CASN" }
>>   { 0 "ASP" "NASP" } { 1 "ASP" "CASP" }
>>   { 0 "CYS" "NCYS" } { 1 "CYS" "CCYS" }
>>   { 0 "CYX" "NCYX" } { 1 "CYX" "CCYX" }
>>   { 0 "GLN" "NGLN" } { 1 "GLN" "CGLN" }
>>   { 0 "GLU" "NGLU" } { 1 "GLU" "CGLU" }
>>   { 0 "GLY" "NGLY" } { 1 "GLY" "CGLY" }
>>   { 0 "HID" "NHID" } { 1 "HID" "CHID" }
>>   { 0 "HIE" "NHIE" } { 1 "HIE" "CHIE" }
>>   { 0 "HIP" "NHIP" } { 1 "HIP" "CHIP" }
>>   { 0 "ILE" "NILE" } { 1 "ILE" "CILE" }
>>   { 0 "LEU" "NLEU" } { 1 "LEU" "CLEU" }
>>   { 0 "LYS" "NLYS" } { 1 "LYS" "CLYS" }
>>   { 0 "MET" "NMET" } { 1 "MET" "CMET" }
>>   { 0 "PHE" "NPHE" } { 1 "PHE" "CPHE" }
>>   { 0 "PRO" "NPRO" } { 1 "PRO" "CPRO" }
>>   { 0 "SER" "NSER" } { 1 "SER" "CSER" }
>>   { 0 "THR" "NTHR" } { 1 "THR" "CTHR" }
>>   { 0 "TRP" "NTRP" } { 1 "TRP" "CTRP" }
>>   { 0 "TYR" "NTYR" } { 1 "TYR" "CTYR" }
>>   { 0 "VAL" "NVAL" } { 1 "VAL" "CVAL" }
>>   { 0 "HIS" "NHIS" } { 1 "HIS" "CHIS" }
>>   { 0 "GUA" "DG5"  } { 1 "GUA" "DG3"  } { "GUA" "DG" }
>>   { 0 "ADE" "DA5"  } { 1 "ADE" "DA3"  } { "ADE" "DA" }
>>   { 0 "CYT" "DC5"  } { 1 "CYT" "DC3"  } { "CYT" "DC" }
>>   { 0 "THY" "DT5"  } { 1 "THY" "DT3"  } { "THY" "DT" }
>>   { 0 "G" "RG5"  } { 1 "G" "RG3"  } { "G" "RG" } { "GN" "RGN" }
>>   { 0 "A" "RA5"  } { 1 "A" "RA3"  } { "A" "RA" } { "AN" "RAN" }
>>   { 0 "C" "RC5"  } { 1 "C" "RC3"  } { "C" "RC" } { "CN" "RCN" }
>>   { 0 "U" "RU5"  } { 1 "U" "RU3"  } { "U" "RU" } { "UN" "RUN" }
>>   { 0 "DG" "DG5"  } { 1 "DG" "DG3"  }  
>>   { 0 "DA" "DA5"  } { 1 "DA" "DA3"  }  
>>   { 0 "DC" "DC5"  } { 1 "DC" "DC3"  }  
>>   { 0 "DT" "DT5"  } { 1 "DT" "DT3"  }
>> 
>> }
>> 
>> addPdbAtomMap {
>>   { "O5*" "O5'" }
>>   { "C5*" "C5'" }
>>   { "C4*" "C4'" }
>>   { "O4*" "O4'" }
>>   { "C3*" "C3'" }
>>   { "O3*" "O3'" }
>>   { "C2*" "C2'" }
>>   { "C1*" "C1'" }
>>   { "C5M" "C7"  }
>>   { "O2*" "O2'" }
>>   { "H1*" "H1'" }
>>   { "H2*1" "H2'1" }
>>   { "H2*2" "H2'2" }
>>   { "H2'"  "H2'1" }
>>   { "H2''" "H2'2" }
>>   { "H3*" "H3'" }
>>   { "H4*" "H4'" }
>>   { "H5*1" "H5'1" }
>>   { "H5*2" "H5'2" }
>>   { "H5'"  "H5'1" }
>>   { "H5''" "H5'2" }
>>   { "HO2'" "HO'2" }
>>   { "HO5'" "H5T" }
>>   { "HO3'" "H3T" }
>>   { "O1'" "O4'" }
>>   { "OA"  "O1P" }
>>   { "OB"  "O2P" }
>>   { "OP1" "O1P" }
>>   { "OP2" "O2P" }
>> }
>> 
>> 
>> #
>> # assumed that most often proteins use HIE
>> #
>> NHIS = NHIE
>> HIS = HIE
>> CHIS = CHIE
> 
> source leaprc.gaff
----- Source: /home/dave/apps/amber14/dat/leap/cmd/leaprc.gaff
----- Source: /home/dave/apps/amber14/dat/leap/cmd/leaprc.gaff
----- Source of /home/dave/apps/amber14/dat/leap/cmd/leaprc.gaff done
----- Source of /home/dave/apps/amber14/dat/leap/cmd/leaprc.gaff done
>> logFile leap.log
Log file: ./leap.log
log started: Mon Apr  3 09:57:30 2017

Log file: ./leap.log
>> #
>> # ----- leaprc for loading the general Amber Force field.
>> #       This file is mostly for use with Antechamber
>> #
>> #	load atom type hybridizations
>> #
>> addAtomTypes {
>> 	{ "h1"  "H" "sp3" }
>> 	{ "h2"  "H" "sp3" }
>> 	{ "h3"  "H" "sp3" }
>> 	{ "h4"  "H" "sp3" }
>> 	{ "h5"  "H" "sp3" }
>> 	{ "ha"  "H" "sp3" }
>> 	{ "hc"  "H" "sp3" }
>> 	{ "hn"  "H" "sp3" }
>> 	{ "ho"  "H" "sp3" }
>> 	{ "hp"  "H" "sp3" }
>> 	{ "hs"  "H" "sp3" }
>> 	{ "hw"  "H" "sp3" }
>> 	{ "hx"  "H" "sp3" }
>> 	{ "o"  "O" "sp2" }
>> 	{ "o2"  "O" "sp2" }
>> 	{ "oh"  "O" "sp3" }
>> 	{ "os"  "O" "sp3" }
>> 	{ "ow"  "O" "sp3" }
>> 	{ "c"  "C" "sp2" }
>> 	{ "c1"  "C" "sp2" }
>> 	{ "c2"  "C" "sp2" }
>> 	{ "c3"  "C" "sp3" }
>> 	{ "ca"  "C" "sp2" }
>> 	{ "cc"  "C" "sp2" }
>> 	{ "cd"  "C" "sp2" }
>> 	{ "ce"  "C" "sp2" }
>> 	{ "cf"  "C" "sp2" }
>> 	{ "cg"  "C" "sp2" }
>> 	{ "ch"  "C" "sp2" }
>> 	{ "cp"  "C" "sp2" }
>> 	{ "cq"  "C" "sp2" }
>> 	{ "cu"  "C" "sp2" }
>> 	{ "cv"  "C" "sp2" }
>> 	{ "cx"  "C" "sp2" }
>> 	{ "cy"  "C" "sp2" }
>> 	{ "cz"  "C" "sp2" }
>> 	{ "n"   "N" "sp2" }
>> 	{ "n1"  "N" "sp2" }
>> 	{ "n2"  "N" "sp2" }
>> 	{ "n3"  "N" "sp3" }
>> 	{ "n4"  "N" "sp3" }
>> 	{ "na"  "N" "sp2" }
>> 	{ "nb"  "N" "sp2" }
>> 	{ "nc"  "N" "sp2" }
>> 	{ "nd"  "N" "sp2" }
>> 	{ "ne"  "N" "sp2" }
>> 	{ "nf"  "N" "sp2" }
>> 	{ "nh"  "N" "sp2" }
>> 	{ "no"  "N" "sp2" }
>> 	{ "s"   "S" "sp2" }
>> 	{ "s2"   "S" "sp2" }
>> 	{ "s3"   "S" "sp3" }
>> 	{ "s4"   "S" "sp3" }
>> 	{ "s6"   "S" "sp3" }
>> 	{ "sh"   "S" "sp3" }
>> 	{ "ss"   "S" "sp3" }
>> 	{ "sx"   "S" "sp3" }
>> 	{ "sy"   "S" "sp3" }
>> 	{ "p2"   "P" "sp2" }
>> 	{ "p3"   "P" "sp3" }
>> 	{ "p4"   "P" "sp3" }
>> 	{ "p5"   "P" "sp3" }
>> 	{ "pb"   "P" "sp3" }
>> 	{ "pc"   "P" "sp3" }
>> 	{ "pd"   "P" "sp3" }
>> 	{ "pe"   "P" "sp3" }
>> 	{ "pf"   "P" "sp3" }
>> 	{ "px"   "P" "sp3" }
>> 	{ "py"   "P" "sp3" }
>> 	{ "f"   "F" "sp3" }
>> 	{ "cl"  "Cl" "sp3" }
>> 	{ "br"  "Br" "sp3" }
>> 	{ "i"   "I"  "sp3" }
>> }
>> #
>> #	Load the general force field parameter set.
>> #
>> gaff = loadamberparams gaff.dat
Loading parameters: /home/dave/apps/amber14/dat/leap/parm/gaff.dat
Loading parameters: /home/dave/apps/amber14/dat/leap/parm/gaff.dat
Reading title:
AMBER General Force Field for organic molecules (Version 1.7, Nov 2013)
Reading title:
AMBER General Force Field for organic molecules (Version 1.7, Nov 2013)
> 
> addAtomTypes { { "ZN" "Zn" "sp3" } { "S3" "S" "sp3" } { "N2" "N" "sp3" } }
> loadoff atomic_ions.lib
Loading library: /home/dave/apps/amber14/dat/leap/lib/atomic_ions.lib
Loading library: /home/dave/apps/amber14/dat/leap/lib/atomic_ions.lib
Loading: AG
Loading: AL
Loading: Ag
Loading: BA
Loading: BR
Loading: Be
Loading: CA
Loading: CD
Loading: CE
Loading: CL
Loading: CO
Loading: CR
Loading: CS
Loading: CU
Loading: CU1
Loading: Ce
Loading: Cl-
Loading: Cr
Loading: Dy
Loading: EU
Loading: EU3
Loading: Er
Loading: F
Loading: FE
Loading: FE2
Loading: GD3
Loading: H3O+
Loading: HE+
Loading: HG
Loading: HZ+
Loading: Hf
Loading: IN
Loading: IOD
Loading: K
Loading: K+
Loading: LA
Loading: LI
Loading: LU
Loading: MG
Loading: MN
Loading: NA
Loading: NH4
Loading: NI
Loading: Na+
Loading: Nd
Loading: PB
Loading: PD
Loading: PR
Loading: PT
Loading: Pu
Loading: RB
Loading: Ra
Loading: SM
Loading: SR
Loading: Sm
Loading: Sn
Loading: TB
Loading: TL
Loading: Th
Loading: Tl
Loading: Tm
Loading: U4+
Loading: V2+
Loading: Y
Loading: YB2
Loading: ZN
Loading: Zr
> loadamberparams frcmod.ions1lsm_hfe_tip3p
Loading parameters: /home/dave/apps/amber14/dat/leap/parm/frcmod.ions1lsm_hfe_tip3p
Loading parameters: /home/dave/apps/amber14/dat/leap/parm/frcmod.ions1lsm_hfe_tip3p
Reading force field modification type file (frcmod)
Reading force field modification type file (frcmod)
Reading title:
Monovalent ion parameters(HFE set) for Particle Mesh Ewald and TIP3P water model from Li, Song and Merz (JCTC, 2015, 11, 1645-1657)
Reading title:
Monovalent ion parameters(HFE set) for Particle Mesh Ewald and TIP3P water model from Li, Song and Merz (JCTC, 2015, 11, 1645-1657)
(UNKNOWN ATOM TYPE: Li+)
(UNKNOWN ATOM TYPE: Na+)
(UNKNOWN ATOM TYPE: K+)
(UNKNOWN ATOM TYPE: Rb+)
(UNKNOWN ATOM TYPE: Cs+)
(UNKNOWN ATOM TYPE: Tl+)
(UNKNOWN ATOM TYPE: Cu+)
(UNKNOWN ATOM TYPE: Ag+)
(UNKNOWN ATOM TYPE: NH4+)
(UNKNOWN ATOM TYPE: H3O+)
(UNKNOWN ATOM TYPE: F-)
(UNKNOWN ATOM TYPE: Cl-)
(UNKNOWN ATOM TYPE: Br-)
(UNKNOWN ATOM TYPE: I-)
> loadamberparams frcmod.ions1lm_126_tip3p
Could not open file frcmod.ions1lm_126_tip3p: not found
Could not open file frcmod.ions1lm_126_tip3p: not found
> loadamberparams frcmod.ionslrcm_hfe_tip3p
Loading parameters: /home/dave/apps/amber14/dat/leap/parm/frcmod.ionslrcm_hfe_tip3p
Loading parameters: /home/dave/apps/amber14/dat/leap/parm/frcmod.ionslrcm_hfe_tip3p
Reading force field modification type file (frcmod)
Reading force field modification type file (frcmod)
Reading title:
Divalent ion parameters(HFE set) for Particle Mesh Ewald and TIP3P water model from Li, Roberts, Chakravorty and Merz (JCTC 2013, 9, 2733-2748) 
Reading title:
Divalent ion parameters(HFE set) for Particle Mesh Ewald and TIP3P water model from Li, Roberts, Chakravorty and Merz (JCTC 2013, 9, 2733-2748) 
(UNKNOWN ATOM TYPE: Be2+)
(UNKNOWN ATOM TYPE: Cu2+)
(UNKNOWN ATOM TYPE: Ni2+)
(UNKNOWN ATOM TYPE: Pt2+)
(UNKNOWN ATOM TYPE: Zn2+)
(UNKNOWN ATOM TYPE: Co2+)
(UNKNOWN ATOM TYPE: Pd2+)
(UNKNOWN ATOM TYPE: Ag2+)
(UNKNOWN ATOM TYPE: Cr2+)
(UNKNOWN ATOM TYPE: Fe2+)
(UNKNOWN ATOM TYPE: Mg2+)
(UNKNOWN ATOM TYPE: V2+)
(UNKNOWN ATOM TYPE: Mn2+)
(UNKNOWN ATOM TYPE: Hg2+)
(UNKNOWN ATOM TYPE: Cd2+)
(UNKNOWN ATOM TYPE: Yb2+)
(UNKNOWN ATOM TYPE: Ca2+)
(UNKNOWN ATOM TYPE: Sn2+)
(UNKNOWN ATOM TYPE: Pb2+)
(UNKNOWN ATOM TYPE: Eu2+)
(UNKNOWN ATOM TYPE: Sr2+)
(UNKNOWN ATOM TYPE: Sm2+)
(UNKNOWN ATOM TYPE: Ba2+)
(UNKNOWN ATOM TYPE: Ra2+)
> loadamberparams frcmod.ions234lm_hfe_tip3p
Could not open file frcmod.ions234lm_hfe_tip3p: not found
Could not open file frcmod.ions234lm_hfe_tip3p: not found
> 
> loadamberprep ZAFF.prep
Loading Prep file: /home/dave/apps/amber14/dat/mtkpp/ZAFF/201108//ZAFF.prep
Loading Prep file: /home/dave/apps/amber14/dat/mtkpp/ZAFF/201108//ZAFF.prep
(UNKNOWN ATOM TYPE: S1)
(UNKNOWN ATOM TYPE: S5)
(UNKNOWN ATOM TYPE: D1)
(UNKNOWN ATOM TYPE: E1)
(UNKNOWN ATOM TYPE: D2)
(UNKNOWN ATOM TYPE: D2)
(UNKNOWN ATOM TYPE: E2)
(UNKNOWN ATOM TYPE: NR)
(UNKNOWN ATOM TYPE: N5)
(UNKNOWN ATOM TYPE: N6)
(UNKNOWN ATOM TYPE: N7)
(UNKNOWN ATOM TYPE: O1)
(UNKNOWN ATOM TYPE: N8)
(UNKNOWN ATOM TYPE: N9)
(UNKNOWN ATOM TYPE: N0)
(UNKNOWN ATOM TYPE: O3)
(UNKNOWN ATOM TYPE: NY)
(UNKNOWN ATOM TYPE: O4)
Loaded UNIT: AP1
Loaded UNIT: AP2
Loaded UNIT: CY1
Loaded UNIT: CY2
Loaded UNIT: CY3
Loaded UNIT: CY4
Loaded UNIT: CY5
Loaded UNIT: HD1
Loaded UNIT: HD2
Loaded UNIT: HD3
Loaded UNIT: HD4
Loaded UNIT: HD5
Loaded UNIT: HD6
Loaded UNIT: HD7
Loaded UNIT: HD8
Loaded UNIT: HD9
Loaded UNIT: HDA
Loaded UNIT: HDD
Loaded UNIT: HE1
Loaded UNIT: HE2
Loaded UNIT: HE3
Loaded UNIT: HE4
Loaded UNIT: HE5
Loaded UNIT: HE6
Loaded UNIT: OH1
Loaded UNIT: WT1
Loaded UNIT: WT2
Loaded UNIT: WT3
Loaded UNIT: Z10
Loaded UNIT: Z11
Loaded UNIT: Z12
Loaded UNIT: ZN1
Loaded UNIT: ZN2
Loaded UNIT: ZN3
Loaded UNIT: ZN4
Loaded UNIT: ZN5
Loaded UNIT: ZN6
Loaded UNIT: ZN7
Loaded UNIT: ZN8
Loaded UNIT: ZN9
> loadamberparams ZAFF.frcmod
Loading parameters: /home/dave/apps/amber14/dat/mtkpp/ZAFF/201108//ZAFF.frcmod
Loading parameters: /home/dave/apps/amber14/dat/mtkpp/ZAFF/201108//ZAFF.frcmod
Reading force field modification type file (frcmod)
Reading force field modification type file (frcmod)
Reading title:
ZAFF parameter set created by MTK++/MCPB 
Reading title:
ZAFF parameter set created by MTK++/MCPB 
(UNKNOWN ATOM TYPE: S1)
(UNKNOWN ATOM TYPE: S5)
(UNKNOWN ATOM TYPE: N5)
(UNKNOWN ATOM TYPE: N6)
(UNKNOWN ATOM TYPE: N7)
(UNKNOWN ATOM TYPE: O1)
(UNKNOWN ATOM TYPE: N8)
(UNKNOWN ATOM TYPE: N9)
(UNKNOWN ATOM TYPE: N0)
(UNKNOWN ATOM TYPE: O3)
(UNKNOWN ATOM TYPE: NY)
(UNKNOWN ATOM TYPE: O4)
(UNKNOWN ATOM TYPE: E1)
(UNKNOWN ATOM TYPE: D1)
(UNKNOWN ATOM TYPE: E2)
(UNKNOWN ATOM TYPE: D2)
(UNKNOWN ATOM TYPE: NR)
> frcmod = loadamberparams /net/dirac/mnt/store6/dave/janssen/store/system_descriptions/ties/drugs_par/bace1/resp/b01/b01.frcmod
Loading parameters: /net/dirac/mnt/store6/dave/janssen/store/system_descriptions/ties/drugs_par/bace1/resp/b01/b01.frcmod
Loading parameters: /net/dirac/mnt/store6/dave/janssen/store/system_descriptions/ties/drugs_par/bace1/resp/b01/b01.frcmod
Reading force field modification type file (frcmod)
Reading force field modification type file (frcmod)
Reading title:
merged frcmod
Reading title:
merged frcmod
> loadoff /net/dirac/mnt/store6/dave/janssen/store/system_descriptions/ties/drugs_par/bace1/resp/b01/b01.lib
Loading library: /net/dirac/mnt/store6/dave/janssen/store/system_descriptions/ties/drugs_par/bace1/resp/b01/b01.lib
Loading library: /net/dirac/mnt/store6/dave/janssen/store/system_descriptions/ties/drugs_par/bace1/resp/b01/b01.lib
Loading: B01
> 
> lig = loadpdb orig_lig.pdb
Loading PDB file: ./orig_lig.pdb
Loading PDB file: ./orig_lig.pdb
Enter zPdbReadScan from call depth  0.
Exit  zPdbReadScan from call depth  0.
Matching PDB residue names to LEaP variables.
(Residue 0: B01, Terminal/last, was not found in name map.)
  total atoms in file: 65
  total atoms in file: 65
> savepdb lig lig.pdb
Writing pdb file: lig.pdb
Writing pdb file: lig.pdb
> rec = loadpdb orig_rec.pdb
Loading PDB file: ./orig_rec.pdb
Loading PDB file: ./orig_rec.pdb
Enter zPdbReadScan from call depth  0.
Exit  zPdbReadScan from call depth  0.
Matching PDB residue names to LEaP variables.
Mapped residue ARG, term: Terminal/beginning, seq. number: 0 to: NARG.
(Residue 1: GLY, Nonterminal, was not found in name map.)
(Residue 2: SER, Nonterminal, was not found in name map.)
(Residue 3: PHE, Nonterminal, was not found in name map.)
(Residue 4: VAL, Nonterminal, was not found in name map.)
(Residue 5: GLU, Nonterminal, was not found in name map.)
(Residue 6: MET, Nonterminal, was not found in name map.)
(Residue 7: VAL, Nonterminal, was not found in name map.)
(Residue 8: ASP, Nonterminal, was not found in name map.)
(Residue 9: ASN, Nonterminal, was not found in name map.)
(Residue 10: LEU, Nonterminal, was not found in name map.)
(Residue 11: ARG, Nonterminal, was not found in name map.)
(Residue 12: GLY, Nonterminal, was not found in name map.)
(Residue 13: LYS, Nonterminal, was not found in name map.)
(Residue 14: SER, Nonterminal, was not found in name map.)
(Residue 15: GLY, Nonterminal, was not found in name map.)
(Residue 16: GLN, Nonterminal, was not found in name map.)
(Residue 17: GLY, Nonterminal, was not found in name map.)
(Residue 18: TYR, Nonterminal, was not found in name map.)
(Residue 19: TYR, Nonterminal, was not found in name map.)
(Residue 20: VAL, Nonterminal, was not found in name map.)
(Residue 21: GLU, Nonterminal, was not found in name map.)
(Residue 22: MET, Nonterminal, was not found in name map.)
(Residue 23: THR, Nonterminal, was not found in name map.)
(Residue 24: VAL, Nonterminal, was not found in name map.)
(Residue 25: GLY, Nonterminal, was not found in name map.)
(Residue 26: SER, Nonterminal, was not found in name map.)
(Residue 27: PRO, Nonterminal, was not found in name map.)
(Residue 28: PRO, Nonterminal, was not found in name map.)
(Residue 29: GLN, Nonterminal, was not found in name map.)
(Residue 30: THR, Nonterminal, was not found in name map.)
(Residue 31: LEU, Nonterminal, was not found in name map.)
(Residue 32: ASN, Nonterminal, was not found in name map.)
(Residue 33: ILE, Nonterminal, was not found in name map.)
(Residue 34: LEU, Nonterminal, was not found in name map.)
(Residue 35: VAL, Nonterminal, was not found in name map.)
(Residue 36: ASP, Nonterminal, was not found in name map.)
(Residue 37: THR, Nonterminal, was not found in name map.)
(Residue 38: GLY, Nonterminal, was not found in name map.)
(Residue 39: SER, Nonterminal, was not found in name map.)
(Residue 40: SER, Nonterminal, was not found in name map.)
(Residue 41: ASN, Nonterminal, was not found in name map.)
(Residue 42: PHE, Nonterminal, was not found in name map.)
(Residue 43: ALA, Nonterminal, was not found in name map.)
(Residue 44: VAL, Nonterminal, was not found in name map.)
(Residue 45: GLY, Nonterminal, was not found in name map.)
(Residue 46: ALA, Nonterminal, was not found in name map.)
(Residue 47: ALA, Nonterminal, was not found in name map.)
(Residue 48: PRO, Nonterminal, was not found in name map.)
(Residue 49: HIS, Nonterminal, was not found in name map.)
(Residue 50: PRO, Nonterminal, was not found in name map.)
(Residue 51: PHE, Nonterminal, was not found in name map.)
(Residue 52: LEU, Nonterminal, was not found in name map.)
(Residue 53: HIS, Nonterminal, was not found in name map.)
(Residue 54: ARG, Nonterminal, was not found in name map.)
(Residue 55: TYR, Nonterminal, was not found in name map.)
(Residue 56: TYR, Nonterminal, was not found in name map.)
(Residue 57: GLN, Nonterminal, was not found in name map.)
(Residue 58: ARG, Nonterminal, was not found in name map.)
(Residue 59: GLN, Nonterminal, was not found in name map.)
(Residue 60: LEU, Nonterminal, was not found in name map.)
(Residue 61: SER, Nonterminal, was not found in name map.)
(Residue 62: SER, Nonterminal, was not found in name map.)
(Residue 63: THR, Nonterminal, was not found in name map.)
(Residue 64: TYR, Nonterminal, was not found in name map.)
(Residue 65: ARG, Nonterminal, was not found in name map.)
(Residue 66: ASP, Nonterminal, was not found in name map.)
(Residue 67: LEU, Nonterminal, was not found in name map.)
(Residue 68: ARG, Nonterminal, was not found in name map.)
(Residue 69: LYS, Nonterminal, was not found in name map.)
(Residue 70: GLY, Nonterminal, was not found in name map.)
(Residue 71: VAL, Nonterminal, was not found in name map.)
(Residue 72: TYR, Nonterminal, was not found in name map.)
(Residue 73: VAL, Nonterminal, was not found in name map.)
(Residue 74: PRO, Nonterminal, was not found in name map.)
(Residue 75: TYR, Nonterminal, was not found in name map.)
(Residue 76: THR, Nonterminal, was not found in name map.)
(Residue 77: GLN, Nonterminal, was not found in name map.)
(Residue 78: GLY, Nonterminal, was not found in name map.)
(Residue 79: LYS, Nonterminal, was not found in name map.)
(Residue 80: TRP, Nonterminal, was not found in name map.)
(Residue 81: GLU, Nonterminal, was not found in name map.)
(Residue 82: GLY, Nonterminal, was not found in name map.)
(Residue 83: GLU, Nonterminal, was not found in name map.)
(Residue 84: LEU, Nonterminal, was not found in name map.)
(Residue 85: GLY, Nonterminal, was not found in name map.)
(Residue 86: THR, Nonterminal, was not found in name map.)
(Residue 87: ASP, Nonterminal, was not found in name map.)
(Residue 88: LEU, Nonterminal, was not found in name map.)
(Residue 89: VAL, Nonterminal, was not found in name map.)
(Residue 90: SER, Nonterminal, was not found in name map.)
(Residue 91: ILE, Nonterminal, was not found in name map.)
(Residue 92: PRO, Nonterminal, was not found in name map.)
(Residue 93: HIS, Nonterminal, was not found in name map.)
(Residue 94: GLY, Nonterminal, was not found in name map.)
(Residue 95: PRO, Nonterminal, was not found in name map.)
(Residue 96: ASN, Nonterminal, was not found in name map.)
(Residue 97: VAL, Nonterminal, was not found in name map.)
(Residue 98: THR, Nonterminal, was not found in name map.)
(Residue 99: VAL, Nonterminal, was not found in name map.)
(Residue 100: ARG, Nonterminal, was not found in name map.)
(Residue 101: ALA, Nonterminal, was not found in name map.)
(Residue 102: ASN, Nonterminal, was not found in name map.)
(Residue 103: ILE, Nonterminal, was not found in name map.)
(Residue 104: ALA, Nonterminal, was not found in name map.)
(Residue 105: ALA, Nonterminal, was not found in name map.)
(Residue 106: ILE, Nonterminal, was not found in name map.)
(Residue 107: THR, Nonterminal, was not found in name map.)
(Residue 108: GLU, Nonterminal, was not found in name map.)
(Residue 109: SER, Nonterminal, was not found in name map.)
(Residue 110: ASP, Nonterminal, was not found in name map.)
(Residue 111: LYS, Nonterminal, was not found in name map.)
(Residue 112: PHE, Nonterminal, was not found in name map.)
(Residue 113: PHE, Nonterminal, was not found in name map.)
(Residue 114: ILE, Nonterminal, was not found in name map.)
(Residue 115: ASN, Nonterminal, was not found in name map.)
(Residue 116: GLY, Nonterminal, was not found in name map.)
(Residue 117: SER, Nonterminal, was not found in name map.)
(Residue 118: ASN, Nonterminal, was not found in name map.)
(Residue 119: TRP, Nonterminal, was not found in name map.)
(Residue 120: GLU, Nonterminal, was not found in name map.)
(Residue 121: GLY, Nonterminal, was not found in name map.)
(Residue 122: ILE, Nonterminal, was not found in name map.)
(Residue 123: LEU, Nonterminal, was not found in name map.)
(Residue 124: GLY, Nonterminal, was not found in name map.)
(Residue 125: LEU, Nonterminal, was not found in name map.)
(Residue 126: ALA, Nonterminal, was not found in name map.)
(Residue 127: TYR, Nonterminal, was not found in name map.)
(Residue 128: ALA, Nonterminal, was not found in name map.)
(Residue 129: GLU, Nonterminal, was not found in name map.)
(Residue 130: ILE, Nonterminal, was not found in name map.)
(Residue 131: ALA, Nonterminal, was not found in name map.)
(Residue 132: ARG, Nonterminal, was not found in name map.)
(Residue 133: PRO, Nonterminal, was not found in name map.)
(Residue 134: ASP, Nonterminal, was not found in name map.)
(Residue 135: ASP, Nonterminal, was not found in name map.)
(Residue 136: SER, Nonterminal, was not found in name map.)
(Residue 137: LEU, Nonterminal, was not found in name map.)
(Residue 138: GLU, Nonterminal, was not found in name map.)
(Residue 139: PRO, Nonterminal, was not found in name map.)
(Residue 140: PHE, Nonterminal, was not found in name map.)
(Residue 141: PHE, Nonterminal, was not found in name map.)
(Residue 142: ASP, Nonterminal, was not found in name map.)
(Residue 143: SER, Nonterminal, was not found in name map.)
(Residue 144: LEU, Nonterminal, was not found in name map.)
(Residue 145: VAL, Nonterminal, was not found in name map.)
(Residue 146: LYS, Nonterminal, was not found in name map.)
(Residue 147: GLN, Nonterminal, was not found in name map.)
(Residue 148: THR, Nonterminal, was not found in name map.)
(Residue 149: HIS, Nonterminal, was not found in name map.)
(Residue 150: VAL, Nonterminal, was not found in name map.)
(Residue 151: PRO, Nonterminal, was not found in name map.)
(Residue 152: ASN, Nonterminal, was not found in name map.)
(Residue 153: LEU, Nonterminal, was not found in name map.)
(Residue 154: PHE, Nonterminal, was not found in name map.)
(Residue 155: SER, Nonterminal, was not found in name map.)
(Residue 156: LEU, Nonterminal, was not found in name map.)
(Residue 157: GLN, Nonterminal, was not found in name map.)
(Residue 158: LEU, Nonterminal, was not found in name map.)
(Residue 159: CYX, Nonterminal, was not found in name map.)
(Residue 160: GLY, Nonterminal, was not found in name map.)
(Residue 161: ALA, Nonterminal, was not found in name map.)
(Residue 162: GLY, Nonterminal, was not found in name map.)
(Residue 163: PHE, Nonterminal, was not found in name map.)
(Residue 164: PRO, Nonterminal, was not found in name map.)
(Residue 165: LEU, Nonterminal, was not found in name map.)
(Residue 166: ASN, Nonterminal, was not found in name map.)
(Residue 167: GLN, Nonterminal, was not found in name map.)
(Residue 168: SER, Nonterminal, was not found in name map.)
(Residue 169: GLU, Nonterminal, was not found in name map.)
(Residue 170: VAL, Nonterminal, was not found in name map.)
(Residue 171: LEU, Nonterminal, was not found in name map.)
(Residue 172: ALA, Nonterminal, was not found in name map.)
(Residue 173: SER, Nonterminal, was not found in name map.)
(Residue 174: VAL, Nonterminal, was not found in name map.)
(Residue 175: GLY, Nonterminal, was not found in name map.)
(Residue 176: GLY, Nonterminal, was not found in name map.)
(Residue 177: SER, Nonterminal, was not found in name map.)
(Residue 178: MET, Nonterminal, was not found in name map.)
(Residue 179: ILE, Nonterminal, was not found in name map.)
(Residue 180: ILE, Nonterminal, was not found in name map.)
(Residue 181: GLY, Nonterminal, was not found in name map.)
(Residue 182: GLY, Nonterminal, was not found in name map.)
(Residue 183: ILE, Nonterminal, was not found in name map.)
(Residue 184: ASP, Nonterminal, was not found in name map.)
(Residue 185: HIS, Nonterminal, was not found in name map.)
(Residue 186: SER, Nonterminal, was not found in name map.)
(Residue 187: LEU, Nonterminal, was not found in name map.)
(Residue 188: TYR, Nonterminal, was not found in name map.)
(Residue 189: THR, Nonterminal, was not found in name map.)
(Residue 190: GLY, Nonterminal, was not found in name map.)
(Residue 191: SER, Nonterminal, was not found in name map.)
(Residue 192: LEU, Nonterminal, was not found in name map.)
(Residue 193: TRP, Nonterminal, was not found in name map.)
(Residue 194: TYR, Nonterminal, was not found in name map.)
(Residue 195: THR, Nonterminal, was not found in name map.)
(Residue 196: PRO, Nonterminal, was not found in name map.)
(Residue 197: ILE, Nonterminal, was not found in name map.)
(Residue 198: ARG, Nonterminal, was not found in name map.)
(Residue 199: ARG, Nonterminal, was not found in name map.)
(Residue 200: GLU, Nonterminal, was not found in name map.)
(Residue 201: TRP, Nonterminal, was not found in name map.)
(Residue 202: TYR, Nonterminal, was not found in name map.)
(Residue 203: TYR, Nonterminal, was not found in name map.)
(Residue 204: GLU, Nonterminal, was not found in name map.)
(Residue 205: VAL, Nonterminal, was not found in name map.)
(Residue 206: ILE, Nonterminal, was not found in name map.)
(Residue 207: ILE, Nonterminal, was not found in name map.)
(Residue 208: VAL, Nonterminal, was not found in name map.)
(Residue 209: ARG, Nonterminal, was not found in name map.)
(Residue 210: VAL, Nonterminal, was not found in name map.)
(Residue 211: GLU, Nonterminal, was not found in name map.)
(Residue 212: ILE, Nonterminal, was not found in name map.)
(Residue 213: ASN, Nonterminal, was not found in name map.)
(Residue 214: GLY, Nonterminal, was not found in name map.)
(Residue 215: GLN, Nonterminal, was not found in name map.)
(Residue 216: ASP, Nonterminal, was not found in name map.)
(Residue 217: LEU, Nonterminal, was not found in name map.)
(Residue 218: LYS, Nonterminal, was not found in name map.)
(Residue 219: MET, Nonterminal, was not found in name map.)
(Residue 220: ASP, Nonterminal, was not found in name map.)
(Residue 221: CYX, Nonterminal, was not found in name map.)
(Residue 222: LYS, Nonterminal, was not found in name map.)
(Residue 223: GLU, Nonterminal, was not found in name map.)
(Residue 224: TYR, Nonterminal, was not found in name map.)
(Residue 225: ASN, Nonterminal, was not found in name map.)
(Residue 226: TYR, Nonterminal, was not found in name map.)
(Residue 227: ASP, Nonterminal, was not found in name map.)
(Residue 228: LYS, Nonterminal, was not found in name map.)
(Residue 229: SER, Nonterminal, was not found in name map.)
(Residue 230: ILE, Nonterminal, was not found in name map.)
(Residue 231: VAL, Nonterminal, was not found in name map.)
(Residue 232: ASP, Nonterminal, was not found in name map.)
(Residue 233: SER, Nonterminal, was not found in name map.)
(Residue 234: GLY, Nonterminal, was not found in name map.)
(Residue 235: THR, Nonterminal, was not found in name map.)
(Residue 236: THR, Nonterminal, was not found in name map.)
(Residue 237: ASN, Nonterminal, was not found in name map.)
(Residue 238: LEU, Nonterminal, was not found in name map.)
(Residue 239: ARG, Nonterminal, was not found in name map.)
(Residue 240: LEU, Nonterminal, was not found in name map.)
(Residue 241: PRO, Nonterminal, was not found in name map.)
(Residue 242: LYS, Nonterminal, was not found in name map.)
(Residue 243: LYS, Nonterminal, was not found in name map.)
(Residue 244: VAL, Nonterminal, was not found in name map.)
(Residue 245: PHE, Nonterminal, was not found in name map.)
(Residue 246: GLU, Nonterminal, was not found in name map.)
(Residue 247: ALA, Nonterminal, was not found in name map.)
(Residue 248: ALA, Nonterminal, was not found in name map.)
(Residue 249: VAL, Nonterminal, was not found in name map.)
(Residue 250: ALA, Nonterminal, was not found in name map.)
(Residue 251: SER, Nonterminal, was not found in name map.)
(Residue 252: ILE, Nonterminal, was not found in name map.)
(Residue 253: LYS, Nonterminal, was not found in name map.)
(Residue 254: ALA, Nonterminal, was not found in name map.)
(Residue 255: ALA, Nonterminal, was not found in name map.)
(Residue 256: SER, Nonterminal, was not found in name map.)
(Residue 257: SER, Nonterminal, was not found in name map.)
(Residue 258: THR, Nonterminal, was not found in name map.)
(Residue 259: GLU, Nonterminal, was not found in name map.)
(Residue 260: LYS, Nonterminal, was not found in name map.)
(Residue 261: PHE, Nonterminal, was not found in name map.)
(Residue 262: PRO, Nonterminal, was not found in name map.)
(Residue 263: ASP, Nonterminal, was not found in name map.)
(Residue 264: GLY, Nonterminal, was not found in name map.)
(Residue 265: PHE, Nonterminal, was not found in name map.)
(Residue 266: TRP, Nonterminal, was not found in name map.)
(Residue 267: LEU, Nonterminal, was not found in name map.)
(Residue 268: GLY, Nonterminal, was not found in name map.)
(Residue 269: GLU, Nonterminal, was not found in name map.)
(Residue 270: GLN, Nonterminal, was not found in name map.)
(Residue 271: LEU, Nonterminal, was not found in name map.)
(Residue 272: VAL, Nonterminal, was not found in name map.)
(Residue 273: CYX, Nonterminal, was not found in name map.)
(Residue 274: TRP, Nonterminal, was not found in name map.)
(Residue 275: GLN, Nonterminal, was not found in name map.)
(Residue 276: ALA, Nonterminal, was not found in name map.)
(Residue 277: GLY, Nonterminal, was not found in name map.)
(Residue 278: THR, Nonterminal, was not found in name map.)
(Residue 279: THR, Nonterminal, was not found in name map.)
(Residue 280: PRO, Nonterminal, was not found in name map.)
(Residue 281: TRP, Nonterminal, was not found in name map.)
(Residue 282: ASN, Nonterminal, was not found in name map.)
(Residue 283: ILE, Nonterminal, was not found in name map.)
(Residue 284: PHE, Nonterminal, was not found in name map.)
(Residue 285: PRO, Nonterminal, was not found in name map.)
(Residue 286: VAL, Nonterminal, was not found in name map.)
(Residue 287: ILE, Nonterminal, was not found in name map.)
(Residue 288: SER, Nonterminal, was not found in name map.)
(Residue 289: LEU, Nonterminal, was not found in name map.)
(Residue 290: TYR, Nonterminal, was not found in name map.)
(Residue 291: LEU, Nonterminal, was not found in name map.)
(Residue 292: MET, Nonterminal, was not found in name map.)
(Residue 293: GLY, Nonterminal, was not found in name map.)
(Residue 294: GLU, Nonterminal, was not found in name map.)
(Residue 295: VAL, Nonterminal, was not found in name map.)
(Residue 296: THR, Nonterminal, was not found in name map.)
(Residue 297: ASN, Nonterminal, was not found in name map.)
(Residue 298: GLN, Nonterminal, was not found in name map.)
(Residue 299: SER, Nonterminal, was not found in name map.)
(Residue 300: PHE, Nonterminal, was not found in name map.)
(Residue 301: ARG, Nonterminal, was not found in name map.)
(Residue 302: ILE, Nonterminal, was not found in name map.)
(Residue 303: THR, Nonterminal, was not found in name map.)
(Residue 304: ILE, Nonterminal, was not found in name map.)
(Residue 305: LEU, Nonterminal, was not found in name map.)
(Residue 306: PRO, Nonterminal, was not found in name map.)
(Residue 307: GLN, Nonterminal, was not found in name map.)
(Residue 308: GLN, Nonterminal, was not found in name map.)
(Residue 309: TYR, Nonterminal, was not found in name map.)
(Residue 310: LEU, Nonterminal, was not found in name map.)
(Residue 311: ARG, Nonterminal, was not found in name map.)
(Residue 312: PRO, Nonterminal, was not found in name map.)
(Residue 313: VAL, Nonterminal, was not found in name map.)
(Residue 314: GLU, Nonterminal, was not found in name map.)
(Residue 315: ASP, Nonterminal, was not found in name map.)
(Residue 316: VAL, Nonterminal, was not found in name map.)
(Residue 317: ALA, Nonterminal, was not found in name map.)
(Residue 318: THR, Nonterminal, was not found in name map.)
(Residue 319: SER, Nonterminal, was not found in name map.)
(Residue 320: GLN, Nonterminal, was not found in name map.)
(Residue 321: ASP, Nonterminal, was not found in name map.)
(Residue 322: ASP, Nonterminal, was not found in name map.)
(Residue 323: CYX, Nonterminal, was not found in name map.)
(Residue 324: TYR, Nonterminal, was not found in name map.)
(Residue 325: LYS, Nonterminal, was not found in name map.)
(Residue 326: PHE, Nonterminal, was not found in name map.)
(Residue 327: ALA, Nonterminal, was not found in name map.)
(Residue 328: ILE, Nonterminal, was not found in name map.)
(Residue 329: SER, Nonterminal, was not found in name map.)
(Residue 330: GLN, Nonterminal, was not found in name map.)
(Residue 331: SER, Nonterminal, was not found in name map.)
(Residue 332: SER, Nonterminal, was not found in name map.)
(Residue 333: THR, Nonterminal, was not found in name map.)
(Residue 334: GLY, Nonterminal, was not found in name map.)
(Residue 335: THR, Nonterminal, was not found in name map.)
(Residue 336: VAL, Nonterminal, was not found in name map.)
(Residue 337: MET, Nonterminal, was not found in name map.)
(Residue 338: GLY, Nonterminal, was not found in name map.)
(Residue 339: ALA, Nonterminal, was not found in name map.)
(Residue 340: VAL, Nonterminal, was not found in name map.)
(Residue 341: ILE, Nonterminal, was not found in name map.)
(Residue 342: MET, Nonterminal, was not found in name map.)
(Residue 343: GLU, Nonterminal, was not found in name map.)
(Residue 344: GLY, Nonterminal, was not found in name map.)
(Residue 345: PHE, Nonterminal, was not found in name map.)
(Residue 346: TYR, Nonterminal, was not found in name map.)
(Residue 347: VAL, Nonterminal, was not found in name map.)
(Residue 348: VAL, Nonterminal, was not found in name map.)
(Residue 349: PHE, Nonterminal, was not found in name map.)
(Residue 350: ASP, Nonterminal, was not found in name map.)
(Residue 351: ARG, Nonterminal, was not found in name map.)
(Residue 352: ALA, Nonterminal, was not found in name map.)
(Residue 353: ARG, Nonterminal, was not found in name map.)
(Residue 354: LYS, Nonterminal, was not found in name map.)
(Residue 355: ARG, Nonterminal, was not found in name map.)
(Residue 356: ILE, Nonterminal, was not found in name map.)
(Residue 357: GLY, Nonterminal, was not found in name map.)
(Residue 358: PHE, Nonterminal, was not found in name map.)
(Residue 359: ALA, Nonterminal, was not found in name map.)
(Residue 360: VAL, Nonterminal, was not found in name map.)
(Residue 361: SER, Nonterminal, was not found in name map.)
(Residue 362: ALA, Nonterminal, was not found in name map.)
(Residue 363: CYX, Nonterminal, was not found in name map.)
(Residue 364: HIS, Nonterminal, was not found in name map.)
(Residue 365: VAL, Nonterminal, was not found in name map.)
(Residue 366: HIS, Nonterminal, was not found in name map.)
(Residue 367: ASP, Nonterminal, was not found in name map.)
(Residue 368: GLU, Nonterminal, was not found in name map.)
(Residue 369: PHE, Nonterminal, was not found in name map.)
(Residue 370: ARG, Nonterminal, was not found in name map.)
(Residue 371: THR, Nonterminal, was not found in name map.)
(Residue 372: ALA, Nonterminal, was not found in name map.)
(Residue 373: ALA, Nonterminal, was not found in name map.)
(Residue 374: VAL, Nonterminal, was not found in name map.)
(Residue 375: GLU, Nonterminal, was not found in name map.)
(Residue 376: GLY, Nonterminal, was not found in name map.)
(Residue 377: PRO, Nonterminal, was not found in name map.)
(Residue 378: PHE, Nonterminal, was not found in name map.)
(Residue 379: VAL, Nonterminal, was not found in name map.)
(Residue 380: THR, Nonterminal, was not found in name map.)
(Residue 381: LEU, Nonterminal, was not found in name map.)
(Residue 382: ASP, Nonterminal, was not found in name map.)
(Residue 383: MET, Nonterminal, was not found in name map.)
(Residue 384: GLU, Nonterminal, was not found in name map.)
(Residue 385: ASP, Nonterminal, was not found in name map.)
(Residue 386: CYX, Nonterminal, was not found in name map.)
(Residue 387: GLY, Nonterminal, was not found in name map.)
(Residue 388: TYR, Nonterminal, was not found in name map.)
Mapped residue ASN, term: Terminal/last, seq. number: 389 to: CASN.
Joining NARG - GLY
Joining GLY - SER
Joining SER - PHE
Joining PHE - VAL
Joining VAL - GLU
Joining GLU - MET
Joining MET - VAL
Joining VAL - ASP
Joining ASP - ASN
Joining ASN - LEU
Joining LEU - ARG
Joining ARG - GLY
Joining GLY - LYS
Joining LYS - SER
Joining SER - GLY
Joining GLY - GLN
Joining GLN - GLY
Joining GLY - TYR
Joining TYR - TYR
Joining TYR - VAL
Joining VAL - GLU
Joining GLU - MET
Joining MET - THR
Joining THR - VAL
Joining VAL - GLY
Joining GLY - SER
Joining SER - PRO
Joining PRO - PRO
Joining PRO - GLN
Joining GLN - THR
Joining THR - LEU
Joining LEU - ASN
Joining ASN - ILE
Joining ILE - LEU
Joining LEU - VAL
Joining VAL - ASP
Joining ASP - THR
Joining THR - GLY
Joining GLY - SER
Joining SER - SER
Joining SER - ASN
Joining ASN - PHE
Joining PHE - ALA
Joining ALA - VAL
Joining VAL - GLY
Joining GLY - ALA
Joining ALA - ALA
Joining ALA - PRO
Joining PRO - HIE
Joining HIE - PRO
Joining PRO - PHE
Joining PHE - LEU
Joining LEU - HIE
Joining HIE - ARG
Joining ARG - TYR
Joining TYR - TYR
Joining TYR - GLN
Joining GLN - ARG
Joining ARG - GLN
Joining GLN - LEU
Joining LEU - SER
Joining SER - SER
Joining SER - THR
Joining THR - TYR
Joining TYR - ARG
Joining ARG - ASP
Joining ASP - LEU
Joining LEU - ARG
Joining ARG - LYS
Joining LYS - GLY
Joining GLY - VAL
Joining VAL - TYR
Joining TYR - VAL
Joining VAL - PRO
Joining PRO - TYR
Joining TYR - THR
Joining THR - GLN
Joining GLN - GLY
Joining GLY - LYS
Joining LYS - TRP
Joining TRP - GLU
Joining GLU - GLY
Joining GLY - GLU
Joining GLU - LEU
Joining LEU - GLY
Joining GLY - THR
Joining THR - ASP
Joining ASP - LEU
Joining LEU - VAL
Joining VAL - SER
Joining SER - ILE
Joining ILE - PRO
Joining PRO - HIE
Joining HIE - GLY
Joining GLY - PRO
Joining PRO - ASN
Joining ASN - VAL
Joining VAL - THR
Joining THR - VAL
Joining VAL - ARG
Joining ARG - ALA
Joining ALA - ASN
Joining ASN - ILE
Joining ILE - ALA
Joining ALA - ALA
Joining ALA - ILE
Joining ILE - THR
Joining THR - GLU
Joining GLU - SER
Joining SER - ASP
Joining ASP - LYS
Joining LYS - PHE
Joining PHE - PHE
Joining PHE - ILE
Joining ILE - ASN
Joining ASN - GLY
Joining GLY - SER
Joining SER - ASN
Joining ASN - TRP
Joining TRP - GLU
Joining GLU - GLY
Joining GLY - ILE
Joining ILE - LEU
Joining LEU - GLY
Joining GLY - LEU
Joining LEU - ALA
Joining ALA - TYR
Joining TYR - ALA
Joining ALA - GLU
Joining GLU - ILE
Joining ILE - ALA
Joining ALA - ARG
Joining ARG - PRO
Joining PRO - ASP
Joining ASP - ASP
Joining ASP - SER
Joining SER - LEU
Joining LEU - GLU
Joining GLU - PRO
Joining PRO - PHE
Joining PHE - PHE
Joining PHE - ASP
Joining ASP - SER
Joining SER - LEU
Joining LEU - VAL
Joining VAL - LYS
Joining LYS - GLN
Joining GLN - THR
Joining THR - HIE
Joining HIE - VAL
Joining VAL - PRO
Joining PRO - ASN
Joining ASN - LEU
Joining LEU - PHE
Joining PHE - SER
Joining SER - LEU
Joining LEU - GLN
Joining GLN - LEU
Joining LEU - CYX
Joining CYX - GLY
Joining GLY - ALA
Joining ALA - GLY
Joining GLY - PHE
Joining PHE - PRO
Joining PRO - LEU
Joining LEU - ASN
Joining ASN - GLN
Joining GLN - SER
Joining SER - GLU
Joining GLU - VAL
Joining VAL - LEU
Joining LEU - ALA
Joining ALA - SER
Joining SER - VAL
Joining VAL - GLY
Joining GLY - GLY
Joining GLY - SER
Joining SER - MET
Joining MET - ILE
Joining ILE - ILE
Joining ILE - GLY
Joining GLY - GLY
Joining GLY - ILE
Joining ILE - ASP
Joining ASP - HIE
Joining HIE - SER
Joining SER - LEU
Joining LEU - TYR
Joining TYR - THR
Joining THR - GLY
Joining GLY - SER
Joining SER - LEU
Joining LEU - TRP
Joining TRP - TYR
Joining TYR - THR
Joining THR - PRO
Joining PRO - ILE
Joining ILE - ARG
Joining ARG - ARG
Joining ARG - GLU
Joining GLU - TRP
Joining TRP - TYR
Joining TYR - TYR
Joining TYR - GLU
Joining GLU - VAL
Joining VAL - ILE
Joining ILE - ILE
Joining ILE - VAL
Joining VAL - ARG
Joining ARG - VAL
Joining VAL - GLU
Joining GLU - ILE
Joining ILE - ASN
Joining ASN - GLY
Joining GLY - GLN
Joining GLN - ASP
Joining ASP - LEU
Joining LEU - LYS
Joining LYS - MET
Joining MET - ASP
Joining ASP - CYX
Joining CYX - LYS
Joining LYS - GLU
Joining GLU - TYR
Joining TYR - ASN
Joining ASN - TYR
Joining TYR - ASP
Joining ASP - LYS
Joining LYS - SER
Joining SER - ILE
Joining ILE - VAL
Joining VAL - ASP
Joining ASP - SER
Joining SER - GLY
Joining GLY - THR
Joining THR - THR
Joining THR - ASN
Joining ASN - LEU
Joining LEU - ARG
Joining ARG - LEU
Joining LEU - PRO
Joining PRO - LYS
Joining LYS - LYS
Joining LYS - VAL
Joining VAL - PHE
Joining PHE - GLU
Joining GLU - ALA
Joining ALA - ALA
Joining ALA - VAL
Joining VAL - ALA
Joining ALA - SER
Joining SER - ILE
Joining ILE - LYS
Joining LYS - ALA
Joining ALA - ALA
Joining ALA - SER
Joining SER - SER
Joining SER - THR
Joining THR - GLU
Joining GLU - LYS
Joining LYS - PHE
Joining PHE - PRO
Joining PRO - ASP
Joining ASP - GLY
Joining GLY - PHE
Joining PHE - TRP
Joining TRP - LEU
Joining LEU - GLY
Joining GLY - GLU
Joining GLU - GLN
Joining GLN - LEU
Joining LEU - VAL
Joining VAL - CYX
Joining CYX - TRP
Joining TRP - GLN
Joining GLN - ALA
Joining ALA - GLY
Joining GLY - THR
Joining THR - THR
Joining THR - PRO
Joining PRO - TRP
Joining TRP - ASN
Joining ASN - ILE
Joining ILE - PHE
Joining PHE - PRO
Joining PRO - VAL
Joining VAL - ILE
Joining ILE - SER
Joining SER - LEU
Joining LEU - TYR
Joining TYR - LEU
Joining LEU - MET
Joining MET - GLY
Joining GLY - GLU
Joining GLU - VAL
Joining VAL - THR
Joining THR - ASN
Joining ASN - GLN
Joining GLN - SER
Joining SER - PHE
Joining PHE - ARG
Joining ARG - ILE
Joining ILE - THR
Joining THR - ILE
Joining ILE - LEU
Joining LEU - PRO
Joining PRO - GLN
Joining GLN - GLN
Joining GLN - TYR
Joining TYR - LEU
Joining LEU - ARG
Joining ARG - PRO
Joining PRO - VAL
Joining VAL - GLU
Joining GLU - ASP
Joining ASP - VAL
Joining VAL - ALA
Joining ALA - THR
Joining THR - SER
Joining SER - GLN
Joining GLN - ASP
Joining ASP - ASP
Joining ASP - CYX
Joining CYX - TYR
Joining TYR - LYS
Joining LYS - PHE
Joining PHE - ALA
Joining ALA - ILE
Joining ILE - SER
Joining SER - GLN
Joining GLN - SER
Joining SER - SER
Joining SER - THR
Joining THR - GLY
Joining GLY - THR
Joining THR - VAL
Joining VAL - MET
Joining MET - GLY
Joining GLY - ALA
Joining ALA - VAL
Joining VAL - ILE
Joining ILE - MET
Joining MET - GLU
Joining GLU - GLY
Joining GLY - PHE
Joining PHE - TYR
Joining TYR - VAL
Joining VAL - VAL
Joining VAL - PHE
Joining PHE - ASP
Joining ASP - ARG
Joining ARG - ALA
Joining ALA - ARG
Joining ARG - LYS
Joining LYS - ARG
Joining ARG - ILE
Joining ILE - GLY
Joining GLY - PHE
Joining PHE - ALA
Joining ALA - VAL
Joining VAL - SER
Joining SER - ALA
Joining ALA - CYX
Joining CYX - HIE
Joining HIE - VAL
Joining VAL - HIE
Joining HIE - ASP
Joining ASP - GLU
Joining GLU - PHE
Joining PHE - ARG
Joining ARG - THR
Joining THR - ALA
Joining ALA - ALA
Joining ALA - VAL
Joining VAL - GLU
Joining GLU - GLY
Joining GLY - PRO
Joining PRO - PHE
Joining PHE - VAL
Joining VAL - THR
Joining THR - LEU
Joining LEU - ASP
Joining ASP - MET
Joining MET - GLU
Joining GLU - ASP
Joining ASP - CYX
Joining CYX - GLY
Joining GLY - TYR
Joining TYR - CASN
  Added missing heavy atom: .R<CASN 390>.A<OXT 15>
  Added missing heavy atom: .R<CASN 390>.A<OXT 15>
  total atoms in file: 3059
  total atoms in file: 3059
  Leap added 2968 missing atoms according to residue templates:
  Leap added 2968 missing atoms according to residue templates:
       1 Heavy
       1 Heavy
       2967 H / lone pairs
       2967 H / lone pairs
> savepdb rec rec.pdb
Writing pdb file: rec.pdb
Writing pdb file: rec.pdb
 Converting N-terminal residue name to PDB format: NARG -> ARG
 Converting N-terminal residue name to PDB format: NARG -> ARG
 Converting C-terminal residue name to PDB format: CASN -> ASN
 Converting C-terminal residue name to PDB format: CASN -> ASN
> com = combine{rec lig}
  Sequence: default_name
  Sequence: default_name
> savepdb com com.pdb
Writing pdb file: com.pdb
Writing pdb file: com.pdb
 Converting N-terminal residue name to PDB format: NARG -> ARG
 Converting N-terminal residue name to PDB format: NARG -> ARG
 Converting C-terminal residue name to PDB format: CASN -> ASN
 Converting C-terminal residue name to PDB format: CASN -> ASN
> sol = loadpdb solvent.pdb
Loading PDB file: ./solvent.pdb
Loading PDB file: ./solvent.pdb
Enter zPdbReadScan from call depth  0.
Exit  zPdbReadScan from call depth  0.
Matching PDB residue names to LEaP variables.
	No atoms!
	No atoms!
> complex = combine{com sol}
  Sequence: default_name
  Sequence: default_name
> alignaxes complex
> addions complex Cl- 0.0
addIons: 1st Ion & target are the same charge:
addIons: 1st Ion & target are the same charge:
     can't neutralize.
     can't neutralize.
> addions complex Na+ 0.0
10 Na+ ions required to neutralize.
10 Na+ ions required to neutralize.
Adding 10 counter ions to "complex" using 1A grid
Adding 10 counter ions to "complex" using 1A grid
Total solute charge:  -10.09  Max atom radius:   2.00
Grid extends from solute vdw + 3.28  to  9.28
Grid extends from solute vdw + 3.28  to  9.28
Box:
   enclosing:  -38.08 -45.12 -33.09   37.05 40.94 30.93
   sized:			      89.92 82.88 94.91
   edge:        128.00
Resolution:      1.00 Angstrom.
Resolution:      1.00 Angstrom.
Tree depth: 7
grid build: 0 sec
grid build: 0 sec
Volume =  3.56% of box, grid points 74560
 (no solvent present)
 (no solvent present)
Calculating grid charges
Calculating grid charges
charges: 5 sec
charges: 5 sec
Placed Na+ in complex at (-19.08, 9.88, -12.09).
Placed Na+ in complex at (-19.08, 9.88, -12.09).
Placed Na+ in complex at (-13.08, 14.88, -17.09).
Placed Na+ in complex at (-13.08, 14.88, -17.09).
Placed Na+ in complex at (10.92, -11.12, 17.91).
Placed Na+ in complex at (10.92, -11.12, 17.91).
Placed Na+ in complex at (18.92, 19.88, 14.91).
Placed Na+ in complex at (18.92, 19.88, 14.91).
Placed Na+ in complex at (-12.08, -19.12, 21.91).
Placed Na+ in complex at (-12.08, -19.12, 21.91).
Placed Na+ in complex at (25.92, 14.88, 14.91).
Placed Na+ in complex at (25.92, 14.88, 14.91).
Placed Na+ in complex at (-5.08, -10.12, -20.09).
Placed Na+ in complex at (-5.08, -10.12, -20.09).
Placed Na+ in complex at (-28.08, 20.88, -2.09).
Placed Na+ in complex at (-28.08, 20.88, -2.09).
Placed Na+ in complex at (-11.08, 23.88, -22.09).
Placed Na+ in complex at (-11.08, 23.88, -22.09).
Placed Na+ in complex at (16.92, -13.12, 8.91).
Placed Na+ in complex at (16.92, -13.12, 8.91).

Done adding ions.

Done adding ions.
> solvatebox complex TIP3PBOX 14
  Solute vdw bounding box:              59.544 69.855 48.682
  Solute vdw bounding box:              59.544 69.855 48.682
  Total bounding box for atom centers:  87.544 97.855 76.682
  Total bounding box for atom centers:  87.544 97.855 76.682
  Solvent unit box:                     18.774 18.774 18.774
  Solvent unit box:                     18.774 18.774 18.774
The number of boxes:  x= 5  y= 6  z= 5
Adding box at: x=0  y=0  z=0
Center of solvent box is: 37.548698, 46.935873, 37.548698
Adding box at: x=0  y=0  z=1
Center of solvent box is: 37.548698, 46.935873, 18.774349
Adding box at: x=0  y=0  z=2
Center of solvent box is: 37.548698, 46.935873, 0.000000
Adding box at: x=0  y=0  z=3
Center of solvent box is: 37.548698, 46.935873, -18.774349
Adding box at: x=0  y=0  z=4
Center of solvent box is: 37.548698, 46.935873, -37.548698
Adding box at: x=0  y=1  z=0
Center of solvent box is: 37.548698, 28.161524, 37.548698
Adding box at: x=0  y=1  z=1
Center of solvent box is: 37.548698, 28.161524, 18.774349
Adding box at: x=0  y=1  z=2
Center of solvent box is: 37.548698, 28.161524, 0.000000
Adding box at: x=0  y=1  z=3
Center of solvent box is: 37.548698, 28.161524, -18.774349
Adding box at: x=0  y=1  z=4
Center of solvent box is: 37.548698, 28.161524, -37.548698
Adding box at: x=0  y=2  z=0
Center of solvent box is: 37.548698, 9.387175, 37.548698
Adding box at: x=0  y=2  z=1
Center of solvent box is: 37.548698, 9.387175, 18.774349
Adding box at: x=0  y=2  z=2
Center of solvent box is: 37.548698, 9.387175, 0.000000
Adding box at: x=0  y=2  z=3
Center of solvent box is: 37.548698, 9.387175, -18.774349
Adding box at: x=0  y=2  z=4
Center of solvent box is: 37.548698, 9.387175, -37.548698
Adding box at: x=0  y=3  z=0
Center of solvent box is: 37.548698, -9.387175, 37.548698
Adding box at: x=0  y=3  z=1
Center of solvent box is: 37.548698, -9.387175, 18.774349
Adding box at: x=0  y=3  z=2
Center of solvent box is: 37.548698, -9.387175, 0.000000
Adding box at: x=0  y=3  z=3
Center of solvent box is: 37.548698, -9.387175, -18.774349
Adding box at: x=0  y=3  z=4
Center of solvent box is: 37.548698, -9.387175, -37.548698
Adding box at: x=0  y=4  z=0
Center of solvent box is: 37.548698, -28.161524, 37.548698
Adding box at: x=0  y=4  z=1
Center of solvent box is: 37.548698, -28.161524, 18.774349
Adding box at: x=0  y=4  z=2
Center of solvent box is: 37.548698, -28.161524, 0.000000
Adding box at: x=0  y=4  z=3
Center of solvent box is: 37.548698, -28.161524, -18.774349
Adding box at: x=0  y=4  z=4
Center of solvent box is: 37.548698, -28.161524, -37.548698
Adding box at: x=0  y=5  z=0
Center of solvent box is: 37.548698, -46.935873, 37.548698
Adding box at: x=0  y=5  z=1
Center of solvent box is: 37.548698, -46.935873, 18.774349
Adding box at: x=0  y=5  z=2
Center of solvent box is: 37.548698, -46.935873, 0.000000
Adding box at: x=0  y=5  z=3
Center of solvent box is: 37.548698, -46.935873, -18.774349
Adding box at: x=0  y=5  z=4
Center of solvent box is: 37.548698, -46.935873, -37.548698
Adding box at: x=1  y=0  z=0
Center of solvent box is: 18.774349, 46.935873, 37.548698
Adding box at: x=1  y=0  z=1
Center of solvent box is: 18.774349, 46.935873, 18.774349
Adding box at: x=1  y=0  z=2
Center of solvent box is: 18.774349, 46.935873, 0.000000
Adding box at: x=1  y=0  z=3
Center of solvent box is: 18.774349, 46.935873, -18.774349
Adding box at: x=1  y=0  z=4
Center of solvent box is: 18.774349, 46.935873, -37.548698
Adding box at: x=1  y=1  z=0
Center of solvent box is: 18.774349, 28.161524, 37.548698
Adding box at: x=1  y=1  z=1
Center of solvent box is: 18.774349, 28.161524, 18.774349
Adding box at: x=1  y=1  z=2
Center of solvent box is: 18.774349, 28.161524, 0.000000
Adding box at: x=1  y=1  z=3
Center of solvent box is: 18.774349, 28.161524, -18.774349
Adding box at: x=1  y=1  z=4
Center of solvent box is: 18.774349, 28.161524, -37.548698
Adding box at: x=1  y=2  z=0
Center of solvent box is: 18.774349, 9.387175, 37.548698
Adding box at: x=1  y=2  z=1
Center of solvent box is: 18.774349, 9.387175, 18.774349
Adding box at: x=1  y=2  z=2
Center of solvent box is: 18.774349, 9.387175, 0.000000
Adding box at: x=1  y=2  z=3
Center of solvent box is: 18.774349, 9.387175, -18.774349
Adding box at: x=1  y=2  z=4
Center of solvent box is: 18.774349, 9.387175, -37.548698
Adding box at: x=1  y=3  z=0
Center of solvent box is: 18.774349, -9.387175, 37.548698
Adding box at: x=1  y=3  z=1
Center of solvent box is: 18.774349, -9.387175, 18.774349
Adding box at: x=1  y=3  z=2
Center of solvent box is: 18.774349, -9.387175, 0.000000
Adding box at: x=1  y=3  z=3
Center of solvent box is: 18.774349, -9.387175, -18.774349
Adding box at: x=1  y=3  z=4
Center of solvent box is: 18.774349, -9.387175, -37.548698
Adding box at: x=1  y=4  z=0
Center of solvent box is: 18.774349, -28.161524, 37.548698
Adding box at: x=1  y=4  z=1
Center of solvent box is: 18.774349, -28.161524, 18.774349
Adding box at: x=1  y=4  z=2
Center of solvent box is: 18.774349, -28.161524, 0.000000
Adding box at: x=1  y=4  z=3
Center of solvent box is: 18.774349, -28.161524, -18.774349
Adding box at: x=1  y=4  z=4
Center of solvent box is: 18.774349, -28.161524, -37.548698
Adding box at: x=1  y=5  z=0
Center of solvent box is: 18.774349, -46.935873, 37.548698
Adding box at: x=1  y=5  z=1
Center of solvent box is: 18.774349, -46.935873, 18.774349
Adding box at: x=1  y=5  z=2
Center of solvent box is: 18.774349, -46.935873, 0.000000
Adding box at: x=1  y=5  z=3
Center of solvent box is: 18.774349, -46.935873, -18.774349
Adding box at: x=1  y=5  z=4
Center of solvent box is: 18.774349, -46.935873, -37.548698
Adding box at: x=2  y=0  z=0
Center of solvent box is: 0.000000, 46.935873, 37.548698
Adding box at: x=2  y=0  z=1
Center of solvent box is: 0.000000, 46.935873, 18.774349
Adding box at: x=2  y=0  z=2
Center of solvent box is: 0.000000, 46.935873, 0.000000
Adding box at: x=2  y=0  z=3
Center of solvent box is: 0.000000, 46.935873, -18.774349
Adding box at: x=2  y=0  z=4
Center of solvent box is: 0.000000, 46.935873, -37.548698
Adding box at: x=2  y=1  z=0
Center of solvent box is: 0.000000, 28.161524, 37.548698
Adding box at: x=2  y=1  z=1
Center of solvent box is: 0.000000, 28.161524, 18.774349
Adding box at: x=2  y=1  z=2
Center of solvent box is: 0.000000, 28.161524, 0.000000
Adding box at: x=2  y=1  z=3
Center of solvent box is: 0.000000, 28.161524, -18.774349
Adding box at: x=2  y=1  z=4
Center of solvent box is: 0.000000, 28.161524, -37.548698
Adding box at: x=2  y=2  z=0
Center of solvent box is: 0.000000, 9.387175, 37.548698
Adding box at: x=2  y=2  z=1
Center of solvent box is: 0.000000, 9.387175, 18.774349
Adding box at: x=2  y=2  z=2
Center of solvent box is: 0.000000, 9.387175, 0.000000
Adding box at: x=2  y=2  z=3
Center of solvent box is: 0.000000, 9.387175, -18.774349
Adding box at: x=2  y=2  z=4
Center of solvent box is: 0.000000, 9.387175, -37.548698
Adding box at: x=2  y=3  z=0
Center of solvent box is: 0.000000, -9.387175, 37.548698
Adding box at: x=2  y=3  z=1
Center of solvent box is: 0.000000, -9.387175, 18.774349
Adding box at: x=2  y=3  z=2
Center of solvent box is: 0.000000, -9.387175, 0.000000
Adding box at: x=2  y=3  z=3
Center of solvent box is: 0.000000, -9.387175, -18.774349
Adding box at: x=2  y=3  z=4
Center of solvent box is: 0.000000, -9.387175, -37.548698
Adding box at: x=2  y=4  z=0
Center of solvent box is: 0.000000, -28.161524, 37.548698
Adding box at: x=2  y=4  z=1
Center of solvent box is: 0.000000, -28.161524, 18.774349
Adding box at: x=2  y=4  z=2
Center of solvent box is: 0.000000, -28.161524, 0.000000
Adding box at: x=2  y=4  z=3
Center of solvent box is: 0.000000, -28.161524, -18.774349
Adding box at: x=2  y=4  z=4
Center of solvent box is: 0.000000, -28.161524, -37.548698
Adding box at: x=2  y=5  z=0
Center of solvent box is: 0.000000, -46.935873, 37.548698
Adding box at: x=2  y=5  z=1
Center of solvent box is: 0.000000, -46.935873, 18.774349
Adding box at: x=2  y=5  z=2
Center of solvent box is: 0.000000, -46.935873, 0.000000
Adding box at: x=2  y=5  z=3
Center of solvent box is: 0.000000, -46.935873, -18.774349
Adding box at: x=2  y=5  z=4
Center of solvent box is: 0.000000, -46.935873, -37.548698
Adding box at: x=3  y=0  z=0
Center of solvent box is: -18.774349, 46.935873, 37.548698
Adding box at: x=3  y=0  z=1
Center of solvent box is: -18.774349, 46.935873, 18.774349
Adding box at: x=3  y=0  z=2
Center of solvent box is: -18.774349, 46.935873, 0.000000
Adding box at: x=3  y=0  z=3
Center of solvent box is: -18.774349, 46.935873, -18.774349
Adding box at: x=3  y=0  z=4
Center of solvent box is: -18.774349, 46.935873, -37.548698
Adding box at: x=3  y=1  z=0
Center of solvent box is: -18.774349, 28.161524, 37.548698
Adding box at: x=3  y=1  z=1
Center of solvent box is: -18.774349, 28.161524, 18.774349
Adding box at: x=3  y=1  z=2
Center of solvent box is: -18.774349, 28.161524, 0.000000
Adding box at: x=3  y=1  z=3
Center of solvent box is: -18.774349, 28.161524, -18.774349
Adding box at: x=3  y=1  z=4
Center of solvent box is: -18.774349, 28.161524, -37.548698
Adding box at: x=3  y=2  z=0
Center of solvent box is: -18.774349, 9.387175, 37.548698
Adding box at: x=3  y=2  z=1
Center of solvent box is: -18.774349, 9.387175, 18.774349
Adding box at: x=3  y=2  z=2
Center of solvent box is: -18.774349, 9.387175, 0.000000
Adding box at: x=3  y=2  z=3
Center of solvent box is: -18.774349, 9.387175, -18.774349
Adding box at: x=3  y=2  z=4
Center of solvent box is: -18.774349, 9.387175, -37.548698
Adding box at: x=3  y=3  z=0
Center of solvent box is: -18.774349, -9.387175, 37.548698
Adding box at: x=3  y=3  z=1
Center of solvent box is: -18.774349, -9.387175, 18.774349
Adding box at: x=3  y=3  z=2
Center of solvent box is: -18.774349, -9.387175, 0.000000
Adding box at: x=3  y=3  z=3
Center of solvent box is: -18.774349, -9.387175, -18.774349
Adding box at: x=3  y=3  z=4
Center of solvent box is: -18.774349, -9.387175, -37.548698
Adding box at: x=3  y=4  z=0
Center of solvent box is: -18.774349, -28.161524, 37.548698
Adding box at: x=3  y=4  z=1
Center of solvent box is: -18.774349, -28.161524, 18.774349
Adding box at: x=3  y=4  z=2
Center of solvent box is: -18.774349, -28.161524, 0.000000
Adding box at: x=3  y=4  z=3
Center of solvent box is: -18.774349, -28.161524, -18.774349
Adding box at: x=3  y=4  z=4
Center of solvent box is: -18.774349, -28.161524, -37.548698
Adding box at: x=3  y=5  z=0
Center of solvent box is: -18.774349, -46.935873, 37.548698
Adding box at: x=3  y=5  z=1
Center of solvent box is: -18.774349, -46.935873, 18.774349
Adding box at: x=3  y=5  z=2
Center of solvent box is: -18.774349, -46.935873, 0.000000
Adding box at: x=3  y=5  z=3
Center of solvent box is: -18.774349, -46.935873, -18.774349
Adding box at: x=3  y=5  z=4
Center of solvent box is: -18.774349, -46.935873, -37.548698
Adding box at: x=4  y=0  z=0
Center of solvent box is: -37.548698, 46.935873, 37.548698
Adding box at: x=4  y=0  z=1
Center of solvent box is: -37.548698, 46.935873, 18.774349
Adding box at: x=4  y=0  z=2
Center of solvent box is: -37.548698, 46.935873, 0.000000
Adding box at: x=4  y=0  z=3
Center of solvent box is: -37.548698, 46.935873, -18.774349
Adding box at: x=4  y=0  z=4
Center of solvent box is: -37.548698, 46.935873, -37.548698
Adding box at: x=4  y=1  z=0
Center of solvent box is: -37.548698, 28.161524, 37.548698
Adding box at: x=4  y=1  z=1
Center of solvent box is: -37.548698, 28.161524, 18.774349
Adding box at: x=4  y=1  z=2
Center of solvent box is: -37.548698, 28.161524, 0.000000
Adding box at: x=4  y=1  z=3
Center of solvent box is: -37.548698, 28.161524, -18.774349
Adding box at: x=4  y=1  z=4
Center of solvent box is: -37.548698, 28.161524, -37.548698
Adding box at: x=4  y=2  z=0
Center of solvent box is: -37.548698, 9.387175, 37.548698
Adding box at: x=4  y=2  z=1
Center of solvent box is: -37.548698, 9.387175, 18.774349
Adding box at: x=4  y=2  z=2
Center of solvent box is: -37.548698, 9.387175, 0.000000
Adding box at: x=4  y=2  z=3
Center of solvent box is: -37.548698, 9.387175, -18.774349
Adding box at: x=4  y=2  z=4
Center of solvent box is: -37.548698, 9.387175, -37.548698
Adding box at: x=4  y=3  z=0
Center of solvent box is: -37.548698, -9.387175, 37.548698
Adding box at: x=4  y=3  z=1
Center of solvent box is: -37.548698, -9.387175, 18.774349
Adding box at: x=4  y=3  z=2
Center of solvent box is: -37.548698, -9.387175, 0.000000
Adding box at: x=4  y=3  z=3
Center of solvent box is: -37.548698, -9.387175, -18.774349
Adding box at: x=4  y=3  z=4
Center of solvent box is: -37.548698, -9.387175, -37.548698
Adding box at: x=4  y=4  z=0
Center of solvent box is: -37.548698, -28.161524, 37.548698
Adding box at: x=4  y=4  z=1
Center of solvent box is: -37.548698, -28.161524, 18.774349
Adding box at: x=4  y=4  z=2
Center of solvent box is: -37.548698, -28.161524, 0.000000
Adding box at: x=4  y=4  z=3
Center of solvent box is: -37.548698, -28.161524, -18.774349
Adding box at: x=4  y=4  z=4
Center of solvent box is: -37.548698, -28.161524, -37.548698
Adding box at: x=4  y=5  z=0
Center of solvent box is: -37.548698, -46.935873, 37.548698
Adding box at: x=4  y=5  z=1
Center of solvent box is: -37.548698, -46.935873, 18.774349
Adding box at: x=4  y=5  z=2
Center of solvent box is: -37.548698, -46.935873, 0.000000
Adding box at: x=4  y=5  z=3
Center of solvent box is: -37.548698, -46.935873, -18.774349
Adding box at: x=4  y=5  z=4
Center of solvent box is: -37.548698, -46.935873, -37.548698
  Total vdw box size:                   90.530 100.682 79.589 angstroms.
  Total vdw box size:                   90.530 100.682 79.589 angstroms.
  Volume: 725428.881 A^3 
  Volume: 725428.881 A^3 
  Total mass 369746.220 amu,  Density 0.846 g/cc
  Total mass 369746.220 amu,  Density 0.846 g/cc
  Added 18070 residues.
  Added 18070 residues.
> savepdb complex complex.pdb
Writing pdb file: complex.pdb
Writing pdb file: complex.pdb
 Converting N-terminal residue name to PDB format: NARG -> ARG
 Converting N-terminal residue name to PDB format: NARG -> ARG
 Converting C-terminal residue name to PDB format: CASN -> ASN
 Converting C-terminal residue name to PDB format: CASN -> ASN
> saveamberparm complex complex.top complex.crd
Checking Unit.
Checking Unit.
ERROR: The unperturbed charge of the unit: -0.088850 is not integral.
ERROR: The unperturbed charge of the unit: -0.088850 is not integral.
WARNING: The unperturbed charge of the unit: -0.088850 is not zero.
WARNING: The unperturbed charge of the unit: -0.088850 is not zero.

 -- ignoring the error and warning.


 -- ignoring the error and warning.

Building topology.
Building topology.
Building atom parameters.
Building atom parameters.
Building bond parameters.
Building bond parameters.
Building angle parameters.
Building angle parameters.
Building proper torsion parameters.
Building proper torsion parameters.
Building improper torsion parameters.
Building improper torsion parameters.
 ** Warning: No sp2 improper torsion term for  ca-n-ca-n
        atoms are: C10 N4 C9 N10
 ** Warning: No sp2 improper torsion term for  ca-n-ca-n
        atoms are: C8 N4 C9 N10
 ** Warning: No sp2 improper torsion term for  cz-hn-nh-c3
        atoms are: C2 H19 N3 C3
 ** Warning: No sp2 improper torsion term for  hn-hn-nh-cz
        atoms are: H4 H5 N2 C2
 ** Warning: No sp2 improper torsion term for  C*-CN-CB-CA
        atoms are: CG CE2 CD2 CE3
 ** Warning: No sp2 improper torsion term for  NA-CA-CN-CB
        atoms are: NE1 CZ2 CE2 CD2
 ** Warning: No sp2 improper torsion term for  C*-CN-CB-CA
        atoms are: CG CE2 CD2 CE3
 ** Warning: No sp2 improper torsion term for  NA-CA-CN-CB
        atoms are: NE1 CZ2 CE2 CD2
 ** Warning: No sp2 improper torsion term for  C*-CN-CB-CA
        atoms are: CG CE2 CD2 CE3
 ** Warning: No sp2 improper torsion term for  NA-CA-CN-CB
        atoms are: NE1 CZ2 CE2 CD2
 ** Warning: No sp2 improper torsion term for  C*-CN-CB-CA
        atoms are: CG CE2 CD2 CE3
 ** Warning: No sp2 improper torsion term for  NA-CA-CN-CB
        atoms are: NE1 CZ2 CE2 CD2
 ** Warning: No sp2 improper torsion term for  C*-CN-CB-CA
        atoms are: CG CE2 CD2 CE3
 ** Warning: No sp2 improper torsion term for  NA-CA-CN-CB
        atoms are: NE1 CZ2 CE2 CD2
 ** Warning: No sp2 improper torsion term for  C*-CN-CB-CA
        atoms are: CG CE2 CD2 CE3
 ** Warning: No sp2 improper torsion term for  NA-CA-CN-CB
        atoms are: NE1 CZ2 CE2 CD2
 ** Warning: No sp2 improper torsion term for  C*-CN-CB-CA
        atoms are: CG CE2 CD2 CE3
 ** Warning: No sp2 improper torsion term for  NA-CA-CN-CB
        atoms are: NE1 CZ2 CE2 CD2
 total 1290 improper torsions applied
 total 1290 improper torsions applied
Building H-Bond parameters.
Building H-Bond parameters.
Incorporating Non-Bonded adjustments.
Incorporating Non-Bonded adjustments.
Not Marking per-residue atom chain types.
Not Marking per-residue atom chain types.
Marking per-residue atom chain types.
Marking per-residue atom chain types.
  (Residues lacking connect0/connect1 - 
  (Residues lacking connect0/connect1 - 
   these don't have chain types marked:

   these don't have chain types marked:

	res	total affected

	res	total affected

	CASN	1
	CASN	1
	NARG	1
	NARG	1
	WAT	18070
	WAT	18070
  )
  )
 (no restraints)
 (no restraints)
> quit
	Quit
	Quit
